Loading required package: methods
Linking to GEOS 3.8.0dev, GDAL 2.2.2, PROJ 4.9.2
── Attaching packages ─────────────────────────────────────── tidyverse 1.2.1 ──
✔ ggplot2 3.1.0     ✔ purrr   0.2.5
✔ tibble  1.4.2     ✔ dplyr   0.7.8
✔ tidyr   0.8.2     ✔ stringr 1.3.1
✔ readr   1.3.0     ✔ forcats 0.3.0
── Conflicts ────────────────────────────────────────── tidyverse_conflicts() ──
✖ dplyr::filter() masks stats::filter()
✖ dplyr::lag()    masks stats::lag()

Attaching package: ‘scales’

The following object is masked from ‘package:purrr’:

    discard

The following object is masked from ‘package:readr’:

    col_factor

Loading required package: viridisLite

Attaching package: ‘viridis’

The following object is masked from ‘package:scales’:

    viridis_pal

Reading layer `thames' from data source `https://raw.githubusercontent.com/KCL-ERG/useful_geography/master/thames.geojson' using driver `GeoJSON'
Simple feature collection with 1 feature and 8 fields
geometry type:  MULTIPOLYGON
dimension:      XY
bbox:           xmin: -0.331865 ymin: 51.4291 xmax: 0.212447 ymax: 51.5259
epsg (SRID):    4326
proj4string:    +proj=longlat +datum=WGS84 +no_defs
Parsed with column specification:
cols(
  registry_class = col_character(),
  aggregated_class = col_character(),
  group = col_double(),
  code = col_character(),
  release_height = col_double(),
  fuel_type = col_character()
)
Warning message:
In st_centroid.sf(small_grid) :
  st_centroid assumes attributes are constant over geometries of x
[1] "starting gps//Gravesend_ANSData_01_Apr_2016.Rdata at 2019-01-02 09:48:35"
[1] "ended gps//Gravesend_ANSData_01_Apr_2016.Rdata at 2019-01-02 09:56:51"
[1] "Total of 377502 in small grid"
[1] "Total of 377300 in large grid"
[1] "starting gps//Gravesend_ANSData_01_Aug_2016.Rdata at 2019-01-02 09:56:58"
[1] "ended gps//Gravesend_ANSData_01_Aug_2016.Rdata at 2019-01-02 10:04:41"
[1] "Total of 552562 in small grid"
[1] "Total of 685413 in large grid"
[1] "starting gps//Gravesend_ANSData_01_Dec_2016.Rdata at 2019-01-02 10:04:46"
[1] "ended gps//Gravesend_ANSData_01_Dec_2016.Rdata at 2019-01-02 10:12:07"
[1] "Total of 727070 in small grid"
[1] "Total of 1041013 in large grid"
[1] "starting gps//Gravesend_ANSData_01_Feb_2016.Rdata at 2019-01-02 10:12:11"
[1] "ended gps//Gravesend_ANSData_01_Feb_2016.Rdata at 2019-01-02 10:17:49"
[1] "Total of 908549 in small grid"
[1] "Total of 1340659 in large grid"
[1] "starting gps//Gravesend_ANSData_01_Jan_2016.Rdata at 2019-01-02 10:17:53"
[1] "ended gps//Gravesend_ANSData_01_Jan_2016.Rdata at 2019-01-02 10:22:36"
[1] "Total of 793052 in small grid"
[1] "Total of 1451856 in large grid"
[1] "starting gps//Gravesend_ANSData_01_Jul_2016.Rdata at 2019-01-02 10:22:39"
[1] "ended gps//Gravesend_ANSData_01_Jul_2016.Rdata at 2019-01-02 10:31:57"
[1] "Total of 988714 in small grid"
[1] "Total of 1842404 in large grid"
[1] "starting gps//Gravesend_ANSData_01_Jun_2016.Rdata at 2019-01-02 10:32:00"
[1] "ended gps//Gravesend_ANSData_01_Jun_2016.Rdata at 2019-01-02 10:40:00"
[1] "Total of 1025746 in small grid"
[1] "Total of 2197362 in large grid"
[1] "starting gps//Gravesend_ANSData_01_Mar_2016.Rdata at 2019-01-02 10:40:03"
Loading required package: methods
Linking to GEOS 3.8.0dev, GDAL 2.2.2, PROJ 4.9.2
── Attaching packages ─────────────────────────────────────── tidyverse 1.2.1 ──
✔ ggplot2 3.1.0     ✔ purrr   0.2.5
✔ tibble  1.4.2     ✔ dplyr   0.7.8
✔ tidyr   0.8.2     ✔ stringr 1.3.1
✔ readr   1.3.0     ✔ forcats 0.3.0
── Conflicts ────────────────────────────────────────── tidyverse_conflicts() ──
✖ dplyr::filter() masks stats::filter()
✖ dplyr::lag()    masks stats::lag()

Attaching package: ‘scales’

The following object is masked from ‘package:purrr’:

    discard

The following object is masked from ‘package:readr’:

    col_factor

Loading required package: viridisLite

Attaching package: ‘viridis’

The following object is masked from ‘package:scales’:

    viridis_pal


Attaching package: ‘gridExtra’

The following object is masked from ‘package:dplyr’:

    combine

Reading layer `thames' from data source `https://raw.githubusercontent.com/KCL-ERG/useful_geography/master/thames.geojson' using driver `GeoJSON'
Simple feature collection with 1 feature and 8 fields
geometry type:  MULTIPOLYGON
dimension:      XY
bbox:           xmin: -0.331865 ymin: 51.4291 xmax: 0.212447 ymax: 51.5259
epsg (SRID):    4326
proj4string:    +proj=longlat +datum=WGS84 +no_defs
Parsed with column specification:
cols(
  registry_class = col_character(),
  aggregated_class = col_character(),
  group = col_double(),
  code = col_character(),
  release_height = col_double(),
  fuel_type = col_character()
)
Warning message:
In st_centroid.sf(small_grid) :
  st_centroid assumes attributes are constant over geometries of x
[1] "starting NA at 2019-01-02 14:13:24"
